<?xml version="1.0" encoding="UTF-8"?>
<!-- Generated by org.testng.reporters.JUnitXMLReporter -->
<testsuite hostname="IM-LP-719" ignored="1" name="IFusion web Automation Tests_Tracert" tests="1" failures="0" timestamp="26 Oct 2017 13:28:15 GMT" time="4.291" errors="0">
  <testcase name="IPTraceAndValiadte" time="2.546" classname="com.web.tests.webtestcases.ifusion.HealthCheck"/>
  <testcase name="IPPingAndValiadte" time="0.0" classname="com.web.tests.webtestcases.ifusion.HealthCheck">
    <ignored/>
  </testcase> <!-- IPPingAndValiadte -->
</testsuite> <!-- IFusion web Automation Tests_Tracert -->
