<?xml version="1.0" encoding="UTF-8"?>
<!-- Generated by org.testng.reporters.JUnitXMLReporter -->
<testsuite hostname="IM-LP-719" ignored="0" name="IFusion API Automation Tests" tests="2" failures="0" timestamp="01 Nov 2017 06:53:25 GMT" time="29.136" errors="0">
  <testcase name="dsnDataWithAPIGet" time="6.554" classname="com.web.tests.apiTestCases.ifusion.RestApiTests"/>
  <testcase name="loginTestWithAPIPost" time="2.31" classname="com.web.tests.apiTestCases.ifusion.RestApiTests"/>
</testsuite> <!-- IFusion API Automation Tests -->
