<?xml version="1.0" encoding="UTF-8"?>
<!-- Generated by org.testng.reporters.JUnitXMLReporter -->
<testsuite hostname="IM-LP-719" ignored="1" name="Python2" tests="1" failures="0" timestamp="01 Nov 2017 06:53:25 GMT" time="29.367" errors="0">
  <testcase name="IPTraceAndValiadte" time="26.238" classname="com.web.tests.webtestcases.ifusion.HealthCheck"/>
  <testcase name="IPPingAndValiadte" time="0.0" classname="com.web.tests.webtestcases.ifusion.HealthCheck">
    <ignored/>
  </testcase> <!-- IPPingAndValiadte -->
</testsuite> <!-- Python2 -->
